<?xml version="1.0" encoding="UTF-8"?>
<testng-results ignored="0" total="10" passed="10" failed="0" skipped="0">
  <reporter-output>
  </reporter-output>
  <suite started-at="2023-05-30T10:35:07 ICT" name="Gradle suite" finished-at="2023-05-30T10:35:12 ICT" duration-ms="4495">
    <groups>
    </groups>
    <test started-at="2023-05-30T10:35:07 ICT" name="Gradle test" finished-at="2023-05-30T10:35:12 ICT" duration-ms="4495">
      <class name="demo.MockAPI">
        <test-method signature="Test_1()[pri:0, instance:demo.MockAPI@488d1cd7]" started-at="2023-05-30T10:35:10 ICT" name="Test_1" finished-at="2023-05-30T10:35:10 ICT" duration-ms="72" status="PASS">
          <reporter-output>
          </reporter-output>
        </test-method> <!-- Test_1 -->
        <test-method signature="Test_2_POST()[pri:0, instance:demo.MockAPI@488d1cd7]" started-at="2023-05-30T10:35:10 ICT" name="Test_2_POST" finished-at="2023-05-30T10:35:10 ICT" duration-ms="71" status="PASS">
          <reporter-output>
          </reporter-output>
        </test-method> <!-- Test_2_POST -->
      </class> <!-- demo.MockAPI -->
      <class name="demo.APITests">
        <test-method signature="test1()[pri:0, instance:demo.APITests@20f5281c]" started-at="2023-05-30T10:35:07 ICT" name="test1" finished-at="2023-05-30T10:35:09 ICT" duration-ms="1249" status="PASS">
          <reporter-output>
          </reporter-output>
        </test-method> <!-- test1 -->
        <test-method signature="test2()[pri:0, instance:demo.APITests@20f5281c]" started-at="2023-05-30T10:35:09 ICT" name="test2" finished-at="2023-05-30T10:35:09 ICT" duration-ms="684" status="PASS">
          <reporter-output>
          </reporter-output>
        </test-method> <!-- test2 -->
      </class> <!-- demo.APITests -->
      <class name="demo.TestPOST">
        <test-method signature="Test_1()[pri:0, instance:demo.TestPOST@3d246ea3]" started-at="2023-05-30T10:35:10 ICT" name="Test_1" finished-at="2023-05-30T10:35:10 ICT" duration-ms="487" status="PASS">
          <reporter-output>
          </reporter-output>
        </test-method> <!-- Test_1 -->
        <test-method signature="Test_2_Put()[pri:0, instance:demo.TestPOST@3d246ea3]" started-at="2023-05-30T10:35:10 ICT" name="Test_2_Put" finished-at="2023-05-30T10:35:11 ICT" duration-ms="467" status="PASS">
          <reporter-output>
          </reporter-output>
        </test-method> <!-- Test_2_Put -->
        <test-method signature="Test_3_Patch()[pri:0, instance:demo.TestPOST@3d246ea3]" started-at="2023-05-30T10:35:11 ICT" name="Test_3_Patch" finished-at="2023-05-30T10:35:11 ICT" duration-ms="464" status="PASS">
          <reporter-output>
          </reporter-output>
        </test-method> <!-- Test_3_Patch -->
        <test-method signature="Test_4_Delete()[pri:0, instance:demo.TestPOST@3d246ea3]" started-at="2023-05-30T10:35:11 ICT" name="Test_4_Delete" finished-at="2023-05-30T10:35:12 ICT" duration-ms="449" status="PASS">
          <reporter-output>
          </reporter-output>
        </test-method> <!-- Test_4_Delete -->
      </class> <!-- demo.TestPOST -->
      <class name="demo.LoginTest">
        <test-method signature="testLogin()[pri:0, instance:demo.LoginTest@56c4278e]" started-at="2023-05-30T10:35:09 ICT" name="testLogin" finished-at="2023-05-30T10:35:10 ICT" duration-ms="363" status="PASS">
          <reporter-output>
          </reporter-output>
        </test-method> <!-- testLogin -->
      </class> <!-- demo.LoginTest -->
      <class name="demo.TestGET">
        <test-method signature="Test_1()[pri:0, instance:demo.TestGET@301eda63]" started-at="2023-05-30T10:35:10 ICT" name="Test_1" finished-at="2023-05-30T10:35:10 ICT" duration-ms="142" status="PASS">
          <reporter-output>
          </reporter-output>
        </test-method> <!-- Test_1 -->
      </class> <!-- demo.TestGET -->
    </test> <!-- Gradle test -->
  </suite> <!-- Gradle suite -->
</testng-results>
